[2025-07-02T21:39:42.360304+00:00] main.INFO: {"feed":"salesOrders","operation":"full reindex(legacy)","status":"Initialize","elapsed":"312 ms","pid":"293790","caller":"bin\/magento setup:install --admin-firstname tom --admin-lastname hartill"} [] []
[2025-07-02T21:39:42.378736+00:00] main.INFO: {"feed":"salesOrders","operation":"full reindex(legacy)","status":"Creating batch table `sales_data_exporter_orders_index_batches`. Start position: 0","elapsed":"331 ms","pid":"293790","caller":"bin\/magento setup:install --admin-firstname tom --admin-lastname hartill"} [] []
[2025-07-02T21:39:42.389405+00:00] main.INFO: {"feed":"salesOrders","operation":"full reindex(legacy)","status":"Batch table `sales_data_exporter_orders_index_batches` created. Total Items: 0, batches: ~0","elapsed":"341 ms","pid":"293790","caller":"bin\/magento setup:install --admin-firstname tom --admin-lastname hartill"} [] []
[2025-07-02T21:39:42.389526+00:00] main.INFO: {"feed":"salesOrders","operation":"full reindex(legacy)","status":"nothing to process - no items to sync. Not expected? Are there any items in source table `sales_order`?","elapsed":"342 ms","pid":"293790","caller":"bin\/magento setup:install --admin-firstname tom --admin-lastname hartill"} [] []
[2025-07-02T21:39:42.392148+00:00] main.INFO: {"feed":"salesOrders","operation":"full reindex(legacy)","status":"Complete","elapsed":"344 ms","pid":"293790","caller":"bin\/magento setup:install --admin-firstname tom --admin-lastname hartill"} [] []
[2025-07-02T21:39:42.400624+00:00] main.INFO: {"feed":"salesOrderStatuses","operation":"full reindex(legacy)","status":"Initialize","elapsed":"393 ms","pid":"293790","caller":"bin\/magento setup:install --admin-firstname tom --admin-lastname hartill"} [] []
[2025-07-02T21:39:42.415707+00:00] main.INFO: {"feed":"salesOrderStatuses","operation":"full reindex(legacy)","status":"Creating batch table `sales_data_exporter_order_statuses_index_batches`. Start position: ","elapsed":"408 ms","pid":"293790","caller":"bin\/magento setup:install --admin-firstname tom --admin-lastname hartill"} [] []
[2025-07-02T21:39:42.430806+00:00] main.INFO: {"feed":"salesOrderStatuses","operation":"full reindex(legacy)","status":"Batch table `sales_data_exporter_order_statuses_index_batches` created. Total Items: 12, batches: ~0","elapsed":"423 ms","pid":"293790","caller":"bin\/magento setup:install --admin-firstname tom --admin-lastname hartill"} [] []
[2025-07-02T21:39:42.430969+00:00] main.INFO: {"feed":"salesOrderStatuses","operation":"full reindex(legacy)","status":"start processing `12` items in `1` threads with `100` batch size","elapsed":"423 ms","pid":"293790","caller":"bin\/magento setup:install --admin-firstname tom --admin-lastname hartill"} [] []
[2025-07-02T21:39:42.449431+00:00] main.INFO: {"feed":"salesOrderStatuses","operation":"full reindex(legacy)","status":"Progress 1\/1, processed 12, synced 12","elapsed":"442 ms","pid":"293790","caller":"bin\/magento setup:install --admin-firstname tom --admin-lastname hartill"} [] []
[2025-07-02T21:39:42.451330+00:00] main.INFO: {"feed":"salesOrderStatuses","operation":"full reindex(legacy)","status":"Complete","elapsed":"444 ms","pid":"293790","caller":"bin\/magento setup:install --admin-firstname tom --admin-lastname hartill"} [] []
[2025-07-02T21:39:42.458693+00:00] main.INFO: {"feed":"stores","operation":"full reindex(legacy)","status":"Initialize","elapsed":"509 ms","pid":"293790","caller":"bin\/magento setup:install --admin-firstname tom --admin-lastname hartill"} [] []
[2025-07-02T21:39:42.475184+00:00] main.INFO: {"feed":"stores","operation":"full reindex(legacy)","status":"Creating batch table `stores_data_exporter_index_batches`. Start position: 0","elapsed":"526 ms","pid":"293790","caller":"bin\/magento setup:install --admin-firstname tom --admin-lastname hartill"} [] []
[2025-07-02T21:39:42.485876+00:00] main.INFO: {"feed":"stores","operation":"full reindex(legacy)","status":"Batch table `stores_data_exporter_index_batches` created. Total Items: 1, batches: ~0","elapsed":"536 ms","pid":"293790","caller":"bin\/magento setup:install --admin-firstname tom --admin-lastname hartill"} [] []
[2025-07-02T21:39:42.486033+00:00] main.INFO: {"feed":"stores","operation":"full reindex(legacy)","status":"start processing `1` items in `1` threads with `100` batch size","elapsed":"536 ms","pid":"293790","caller":"bin\/magento setup:install --admin-firstname tom --admin-lastname hartill"} [] []
[2025-07-02T21:39:42.491399+00:00] main.INFO: {"feed":"stores","operation":"full reindex(legacy)","status":"Progress 1\/1, processed 1, synced 1","elapsed":"542 ms","pid":"293790","caller":"bin\/magento setup:install --admin-firstname tom --admin-lastname hartill"} [] []
[2025-07-02T21:39:42.492556+00:00] main.INFO: {"feed":"stores","operation":"full reindex(legacy)","status":"Complete","elapsed":"543 ms","pid":"293790","caller":"bin\/magento setup:install --admin-firstname tom --admin-lastname hartill"} [] []
[2025-07-02T21:49:55.187095+00:00] main.INFO: {"feed":"salesOrders","operation":"full reindex(legacy)","status":"Initialize","elapsed":"00:00:00 966 ms","pid":"293942","caller":"bin\/magento setup:install --admin-firstname tom --admin-lastname hartill"} [] []
[2025-07-02T21:49:55.207932+00:00] main.INFO: {"feed":"salesOrders","operation":"full reindex(legacy)","status":"Creating batch table `sales_data_exporter_orders_index_batches`. Start position: 0","elapsed":"00:00:01 987 ms","pid":"293942","caller":"bin\/magento setup:install --admin-firstname tom --admin-lastname hartill"} [] []
[2025-07-02T21:49:55.219553+00:00] main.INFO: {"feed":"salesOrders","operation":"full reindex(legacy)","status":"Batch table `sales_data_exporter_orders_index_batches` created. Total Items: 0, batches: ~0","elapsed":"00:00:01 998 ms","pid":"293942","caller":"bin\/magento setup:install --admin-firstname tom --admin-lastname hartill"} [] []
[2025-07-02T21:49:55.219680+00:00] main.INFO: {"feed":"salesOrders","operation":"full reindex(legacy)","status":"nothing to process - no items to sync. Not expected? Are there any items in source table `sales_order`?","elapsed":"00:00:01 998 ms","pid":"293942","caller":"bin\/magento setup:install --admin-firstname tom --admin-lastname hartill"} [] []
[2025-07-02T21:49:55.221055+00:00] main.INFO: {"feed":"salesOrders","operation":"full reindex(legacy)","status":"Complete","elapsed":"00:00:01 0 ms","pid":"293942","caller":"bin\/magento setup:install --admin-firstname tom --admin-lastname hartill"} [] []
[2025-07-02T21:49:55.229696+00:00] main.INFO: {"feed":"salesOrderStatuses","operation":"full reindex(legacy)","status":"Initialize","elapsed":"51 ms","pid":"293942","caller":"bin\/magento setup:install --admin-firstname tom --admin-lastname hartill"} [] []
[2025-07-02T21:49:55.246413+00:00] main.INFO: {"feed":"salesOrderStatuses","operation":"full reindex(legacy)","status":"Creating batch table `sales_data_exporter_order_statuses_index_batches`. Start position: ","elapsed":"68 ms","pid":"293942","caller":"bin\/magento setup:install --admin-firstname tom --admin-lastname hartill"} [] []
[2025-07-02T21:49:55.261789+00:00] main.INFO: {"feed":"salesOrderStatuses","operation":"full reindex(legacy)","status":"Batch table `sales_data_exporter_order_statuses_index_batches` created. Total Items: 12, batches: ~0","elapsed":"83 ms","pid":"293942","caller":"bin\/magento setup:install --admin-firstname tom --admin-lastname hartill"} [] []
[2025-07-02T21:49:55.261937+00:00] main.INFO: {"feed":"salesOrderStatuses","operation":"full reindex(legacy)","status":"start processing `12` items in `1` threads with `100` batch size","elapsed":"83 ms","pid":"293942","caller":"bin\/magento setup:install --admin-firstname tom --admin-lastname hartill"} [] []
[2025-07-02T21:49:55.273571+00:00] main.INFO: {"feed":"salesOrderStatuses","operation":"full reindex(legacy)","status":"Progress 1\/1, processed 12, synced 12","elapsed":"95 ms","pid":"293942","caller":"bin\/magento setup:install --admin-firstname tom --admin-lastname hartill"} [] []
[2025-07-02T21:49:55.274894+00:00] main.INFO: {"feed":"salesOrderStatuses","operation":"full reindex(legacy)","status":"Complete","elapsed":"96 ms","pid":"293942","caller":"bin\/magento setup:install --admin-firstname tom --admin-lastname hartill"} [] []
[2025-07-02T21:49:55.282591+00:00] main.INFO: {"feed":"stores","operation":"full reindex(legacy)","status":"Initialize","elapsed":"157 ms","pid":"293942","caller":"bin\/magento setup:install --admin-firstname tom --admin-lastname hartill"} [] []
[2025-07-02T21:49:55.297389+00:00] main.INFO: {"feed":"stores","operation":"full reindex(legacy)","status":"Creating batch table `stores_data_exporter_index_batches`. Start position: 0","elapsed":"172 ms","pid":"293942","caller":"bin\/magento setup:install --admin-firstname tom --admin-lastname hartill"} [] []
[2025-07-02T21:49:55.308817+00:00] main.INFO: {"feed":"stores","operation":"full reindex(legacy)","status":"Batch table `stores_data_exporter_index_batches` created. Total Items: 1, batches: ~0","elapsed":"183 ms","pid":"293942","caller":"bin\/magento setup:install --admin-firstname tom --admin-lastname hartill"} [] []
[2025-07-02T21:49:55.308963+00:00] main.INFO: {"feed":"stores","operation":"full reindex(legacy)","status":"start processing `1` items in `1` threads with `100` batch size","elapsed":"183 ms","pid":"293942","caller":"bin\/magento setup:install --admin-firstname tom --admin-lastname hartill"} [] []
[2025-07-02T21:49:55.312607+00:00] main.INFO: {"feed":"stores","operation":"full reindex(legacy)","status":"Progress 1\/1, processed 1, synced 1","elapsed":"187 ms","pid":"293942","caller":"bin\/magento setup:install --admin-firstname tom --admin-lastname hartill"} [] []
[2025-07-02T21:49:55.313850+00:00] main.INFO: {"feed":"stores","operation":"full reindex(legacy)","status":"Complete","elapsed":"188 ms","pid":"293942","caller":"bin\/magento setup:install --admin-firstname tom --admin-lastname hartill"} [] []
[2025-07-02T21:54:55.740994+00:00] main.INFO: {"feed":"salesOrders","operation":"full reindex(legacy)","status":"Initialize","elapsed":"00:00:00 74 ms","pid":"294044","caller":"bin\/magento setup:install --admin-firstname tom --admin-lastname hartill"} [] []
[2025-07-02T21:54:55.760991+00:00] main.INFO: {"feed":"salesOrders","operation":"full reindex(legacy)","status":"Creating batch table `sales_data_exporter_orders_index_batches`. Start position: 0","elapsed":"00:00:00 94 ms","pid":"294044","caller":"bin\/magento setup:install --admin-firstname tom --admin-lastname hartill"} [] []
[2025-07-02T21:54:55.774428+00:00] main.INFO: {"feed":"salesOrders","operation":"full reindex(legacy)","status":"Batch table `sales_data_exporter_orders_index_batches` created. Total Items: 0, batches: ~0","elapsed":"00:00:00 107 ms","pid":"294044","caller":"bin\/magento setup:install --admin-firstname tom --admin-lastname hartill"} [] []
[2025-07-02T21:54:55.774568+00:00] main.INFO: {"feed":"salesOrders","operation":"full reindex(legacy)","status":"nothing to process - no items to sync. Not expected? Are there any items in source table `sales_order`?","elapsed":"00:00:00 107 ms","pid":"294044","caller":"bin\/magento setup:install --admin-firstname tom --admin-lastname hartill"} [] []
[2025-07-02T21:54:55.775968+00:00] main.INFO: {"feed":"salesOrders","operation":"full reindex(legacy)","status":"Complete","elapsed":"00:00:00 109 ms","pid":"294044","caller":"bin\/magento setup:install --admin-firstname tom --admin-lastname hartill"} [] []
[2025-07-02T21:54:55.784668+00:00] main.INFO: {"feed":"salesOrderStatuses","operation":"full reindex(legacy)","status":"Initialize","elapsed":"00:00:00 161 ms","pid":"294044","caller":"bin\/magento setup:install --admin-firstname tom --admin-lastname hartill"} [] []
[2025-07-02T21:54:55.802313+00:00] main.INFO: {"feed":"salesOrderStatuses","operation":"full reindex(legacy)","status":"Creating batch table `sales_data_exporter_order_statuses_index_batches`. Start position: ","elapsed":"00:00:00 179 ms","pid":"294044","caller":"bin\/magento setup:install --admin-firstname tom --admin-lastname hartill"} [] []
[2025-07-02T21:54:55.816420+00:00] main.INFO: {"feed":"salesOrderStatuses","operation":"full reindex(legacy)","status":"Batch table `sales_data_exporter_order_statuses_index_batches` created. Total Items: 12, batches: ~0","elapsed":"00:00:00 193 ms","pid":"294044","caller":"bin\/magento setup:install --admin-firstname tom --admin-lastname hartill"} [] []
[2025-07-02T21:54:55.816588+00:00] main.INFO: {"feed":"salesOrderStatuses","operation":"full reindex(legacy)","status":"start processing `12` items in `1` threads with `100` batch size","elapsed":"00:00:00 193 ms","pid":"294044","caller":"bin\/magento setup:install --admin-firstname tom --admin-lastname hartill"} [] []
[2025-07-02T21:54:55.831056+00:00] main.INFO: {"feed":"salesOrderStatuses","operation":"full reindex(legacy)","status":"Progress 1\/1, processed 12, synced 12","elapsed":"00:00:00 207 ms","pid":"294044","caller":"bin\/magento setup:install --admin-firstname tom --admin-lastname hartill"} [] []
[2025-07-02T21:54:55.832184+00:00] main.INFO: {"feed":"salesOrderStatuses","operation":"full reindex(legacy)","status":"Complete","elapsed":"00:00:00 209 ms","pid":"294044","caller":"bin\/magento setup:install --admin-firstname tom --admin-lastname hartill"} [] []
[2025-07-02T21:54:55.839884+00:00] main.INFO: {"feed":"stores","operation":"full reindex(legacy)","status":"Initialize","elapsed":"00:00:00 272 ms","pid":"294044","caller":"bin\/magento setup:install --admin-firstname tom --admin-lastname hartill"} [] []
[2025-07-02T21:54:55.856793+00:00] main.INFO: {"feed":"stores","operation":"full reindex(legacy)","status":"Creating batch table `stores_data_exporter_index_batches`. Start position: 0","elapsed":"00:00:00 288 ms","pid":"294044","caller":"bin\/magento setup:install --admin-firstname tom --admin-lastname hartill"} [] []
[2025-07-02T21:54:55.869280+00:00] main.INFO: {"feed":"stores","operation":"full reindex(legacy)","status":"Batch table `stores_data_exporter_index_batches` created. Total Items: 1, batches: ~0","elapsed":"00:00:00 301 ms","pid":"294044","caller":"bin\/magento setup:install --admin-firstname tom --admin-lastname hartill"} [] []
[2025-07-02T21:54:55.869438+00:00] main.INFO: {"feed":"stores","operation":"full reindex(legacy)","status":"start processing `1` items in `1` threads with `100` batch size","elapsed":"00:00:00 301 ms","pid":"294044","caller":"bin\/magento setup:install --admin-firstname tom --admin-lastname hartill"} [] []
[2025-07-02T21:54:55.873322+00:00] main.INFO: {"feed":"stores","operation":"full reindex(legacy)","status":"Progress 1\/1, processed 1, synced 1","elapsed":"00:00:00 305 ms","pid":"294044","caller":"bin\/magento setup:install --admin-firstname tom --admin-lastname hartill"} [] []
[2025-07-02T21:54:55.874286+00:00] main.INFO: {"feed":"stores","operation":"full reindex(legacy)","status":"Complete","elapsed":"00:00:00 306 ms","pid":"294044","caller":"bin\/magento setup:install --admin-firstname tom --admin-lastname hartill"} [] []
