[2025-07-03T09:46:20.452402+00:00] main.CRITICAL: Symfony\Component\Mailer\Exception\TransportException: Unable to write bytes on the wire. in /var/www/perfect-draft/vendor/symfony/mailer/Transport/Smtp/Stream/AbstractStream.php:50
Stack trace:
#0 /var/www/perfect-draft/vendor/symfony/mailer/Transport/SendmailTransport.php(117): Symfony\Component\Mailer\Transport\Smtp\Stream\AbstractStream->write()
#1 /var/www/perfect-draft/vendor/symfony/mailer/Transport/AbstractTransport.php(69): Symfony\Component\Mailer\Transport\SendmailTransport->doSend()
#2 /var/www/perfect-draft/vendor/symfony/mailer/Transport/SendmailTransport.php(78): Symfony\Component\Mailer\Transport\AbstractTransport->send()
#3 /var/www/perfect-draft/vendor/symfony/mailer/Mailer.php(42): Symfony\Component\Mailer\Transport\SendmailTransport->send()
#4 /var/www/perfect-draft/vendor/magento/module-email/Model/Transport.php(224): Symfony\Component\Mailer\Mailer->send()
#5 /var/www/perfect-draft/vendor/magento/framework/Interception/Interceptor.php(58): Magento\Email\Model\Transport->sendMessage()
#6 /var/www/perfect-draft/vendor/magento/framework/Interception/Interceptor.php(138): Magento\Email\Model\Transport\Interceptor->___callParent()
#7 /var/www/perfect-draft/vendor/magento/module-email/Model/Mail/TransportInterfacePlugin.php(48): Magento\Email\Model\Transport\Interceptor->Magento\Framework\Interception\{closure}()
#8 /var/www/perfect-draft/vendor/magento/framework/Interception/Interceptor.php(135): Magento\Email\Model\Mail\TransportInterfacePlugin->aroundSendMessage()
#9 /var/www/perfect-draft/vendor/magento/framework/Interception/Interceptor.php(153): Magento\Email\Model\Transport\Interceptor->Magento\Framework\Interception\{closure}()
#10 /var/www/perfect-draft/generated/code/Magento/Email/Model/Transport/Interceptor.php(32): Magento\Email\Model\Transport\Interceptor->___callPlugins()
#11 /var/www/perfect-draft/vendor/magento/module-two-factor-auth/Model/EmailUserNotifier.php(106): Magento\Email\Model\Transport\Interceptor->sendMessage()
#12 /var/www/perfect-draft/vendor/magento/module-two-factor-auth/Model/EmailUserNotifier.php(131): Magento\TwoFactorAuth\Model\EmailUserNotifier->sendConfigRequired()
#13 /var/www/perfect-draft/vendor/magento/module-two-factor-auth/Model/UserConfig/UserConfigRequestManager.php(82): Magento\TwoFactorAuth\Model\EmailUserNotifier->sendAppConfigRequestMessage()
#14 /var/www/perfect-draft/vendor/magento/module-two-factor-auth/Controller/Adminhtml/Tfa/Requestconfig.php(95): Magento\TwoFactorAuth\Model\UserConfig\UserConfigRequestManager->sendConfigRequestTo()
#15 /var/www/perfect-draft/vendor/magento/framework/Interception/Interceptor.php(58): Magento\TwoFactorAuth\Controller\Adminhtml\Tfa\Requestconfig->execute()
#16 /var/www/perfect-draft/vendor/magento/framework/Interception/Interceptor.php(138): Magento\TwoFactorAuth\Controller\Adminhtml\Tfa\Requestconfig\Interceptor->___callParent()
#17 /var/www/perfect-draft/vendor/magento/framework/Interception/Interceptor.php(153): Magento\TwoFactorAuth\Controller\Adminhtml\Tfa\Requestconfig\Interceptor->Magento\Framework\Interception\{closure}()
#18 /var/www/perfect-draft/generated/code/Magento/TwoFactorAuth/Controller/Adminhtml/Tfa/Requestconfig/Interceptor.php(23): Magento\TwoFactorAuth\Controller\Adminhtml\Tfa\Requestconfig\Interceptor->___callPlugins()
#19 /var/www/perfect-draft/vendor/magento/framework/App/Action/Action.php(111): Magento\TwoFactorAuth\Controller\Adminhtml\Tfa\Requestconfig\Interceptor->execute()
#20 /var/www/perfect-draft/vendor/magento/module-backend/App/AbstractAction.php(151): Magento\Framework\App\Action\Action->dispatch()
#21 /var/www/perfect-draft/vendor/magento/module-two-factor-auth/Controller/Adminhtml/AbstractAction.php(30): Magento\Backend\App\AbstractAction->dispatch()
#22 /var/www/perfect-draft/vendor/magento/framework/Interception/Interceptor.php(58): Magento\TwoFactorAuth\Controller\Adminhtml\AbstractAction->dispatch()
#23 /var/www/perfect-draft/vendor/magento/framework/Interception/Interceptor.php(138): Magento\TwoFactorAuth\Controller\Adminhtml\Tfa\Requestconfig\Interceptor->___callParent()
#24 /var/www/perfect-draft/vendor/magento/module-backend/App/Action/Plugin/Authentication.php(145): Magento\TwoFactorAuth\Controller\Adminhtml\Tfa\Requestconfig\Interceptor->Magento\Framework\Interception\{closure}()
#25 /var/www/perfect-draft/vendor/magento/framework/Interception/Interceptor.php(135): Magento\Backend\App\Action\Plugin\Authentication->aroundDispatch()
#26 /var/www/perfect-draft/vendor/magento/framework/Interception/Interceptor.php(153): Magento\TwoFactorAuth\Controller\Adminhtml\Tfa\Requestconfig\Interceptor->Magento\Framework\Interception\{closure}()
#27 /var/www/perfect-draft/generated/code/Magento/TwoFactorAuth/Controller/Adminhtml/Tfa/Requestconfig/Interceptor.php(32): Magento\TwoFactorAuth\Controller\Adminhtml\Tfa\Requestconfig\Interceptor->___callPlugins()
#28 /var/www/perfect-draft/vendor/magento/framework/App/FrontController.php(245): Magento\TwoFactorAuth\Controller\Adminhtml\Tfa\Requestconfig\Interceptor->dispatch()
#29 /var/www/perfect-draft/vendor/magento/framework/App/FrontController.php(212): Magento\Framework\App\FrontController->getActionResponse()
#30 /var/www/perfect-draft/vendor/magento/framework/App/FrontController.php(146): Magento\Framework\App\FrontController->processRequest()
#31 /var/www/perfect-draft/vendor/magento/framework/Interception/Interceptor.php(58): Magento\Framework\App\FrontController->dispatch()
#32 /var/www/perfect-draft/vendor/magento/framework/Interception/Interceptor.php(138): Magento\Framework\App\FrontController\Interceptor->___callParent()
#33 /var/www/perfect-draft/vendor/magento/framework/Interception/Interceptor.php(153): Magento\Framework\App\FrontController\Interceptor->Magento\Framework\Interception\{closure}()
#34 /var/www/perfect-draft/generated/code/Magento/Framework/App/FrontController/Interceptor.php(23): Magento\Framework\App\FrontController\Interceptor->___callPlugins()
#35 /var/www/perfect-draft/vendor/magento/framework/App/Http.php(116): Magento\Framework\App\FrontController\Interceptor->dispatch()
#36 /var/www/perfect-draft/vendor/magento/framework/Interception/Interceptor.php(58): Magento\Framework\App\Http->launch()
#37 /var/www/perfect-draft/vendor/magento/framework/Interception/Interceptor.php(138): Magento\Framework\App\Http\Interceptor->___callParent()
#38 /var/www/perfect-draft/vendor/magento/module-application-performance-monitor/Plugin/ApplicationPerformanceMonitor.php(38): Magento\Framework\App\Http\Interceptor->Magento\Framework\Interception\{closure}()
#39 /var/www/perfect-draft/vendor/magento/framework/Interception/Interceptor.php(135): Magento\ApplicationPerformanceMonitor\Plugin\ApplicationPerformanceMonitor->aroundLaunch()
#40 /var/www/perfect-draft/vendor/magento/framework/Interception/Interceptor.php(153): Magento\Framework\App\Http\Interceptor->Magento\Framework\Interception\{closure}()
#41 /var/www/perfect-draft/generated/code/Magento/Framework/App/Http/Interceptor.php(23): Magento\Framework\App\Http\Interceptor->___callPlugins()
#42 /var/www/perfect-draft/vendor/magento/framework/App/Bootstrap.php(264): Magento\Framework\App\Http\Interceptor->launch()
#43 /var/www/perfect-draft/pub/index.php(30): Magento\Framework\App\Bootstrap->run()
#44 {main}

Next Magento\Framework\Exception\MailException: Transport error: Unable to send mail at this time. in /var/www/perfect-draft/vendor/magento/module-email/Model/Transport.php:227
Stack trace:
#0 /var/www/perfect-draft/vendor/magento/framework/Interception/Interceptor.php(58): Magento\Email\Model\Transport->sendMessage()
#1 /var/www/perfect-draft/vendor/magento/framework/Interception/Interceptor.php(138): Magento\Email\Model\Transport\Interceptor->___callParent()
#2 /var/www/perfect-draft/vendor/magento/module-email/Model/Mail/TransportInterfacePlugin.php(48): Magento\Email\Model\Transport\Interceptor->Magento\Framework\Interception\{closure}()
#3 /var/www/perfect-draft/vendor/magento/framework/Interception/Interceptor.php(135): Magento\Email\Model\Mail\TransportInterfacePlugin->aroundSendMessage()
#4 /var/www/perfect-draft/vendor/magento/framework/Interception/Interceptor.php(153): Magento\Email\Model\Transport\Interceptor->Magento\Framework\Interception\{closure}()
#5 /var/www/perfect-draft/generated/code/Magento/Email/Model/Transport/Interceptor.php(32): Magento\Email\Model\Transport\Interceptor->___callPlugins()
#6 /var/www/perfect-draft/vendor/magento/module-two-factor-auth/Model/EmailUserNotifier.php(106): Magento\Email\Model\Transport\Interceptor->sendMessage()
#7 /var/www/perfect-draft/vendor/magento/module-two-factor-auth/Model/EmailUserNotifier.php(131): Magento\TwoFactorAuth\Model\EmailUserNotifier->sendConfigRequired()
#8 /var/www/perfect-draft/vendor/magento/module-two-factor-auth/Model/UserConfig/UserConfigRequestManager.php(82): Magento\TwoFactorAuth\Model\EmailUserNotifier->sendAppConfigRequestMessage()
#9 /var/www/perfect-draft/vendor/magento/module-two-factor-auth/Controller/Adminhtml/Tfa/Requestconfig.php(95): Magento\TwoFactorAuth\Model\UserConfig\UserConfigRequestManager->sendConfigRequestTo()
#10 /var/www/perfect-draft/vendor/magento/framework/Interception/Interceptor.php(58): Magento\TwoFactorAuth\Controller\Adminhtml\Tfa\Requestconfig->execute()
#11 /var/www/perfect-draft/vendor/magento/framework/Interception/Interceptor.php(138): Magento\TwoFactorAuth\Controller\Adminhtml\Tfa\Requestconfig\Interceptor->___callParent()
#12 /var/www/perfect-draft/vendor/magento/framework/Interception/Interceptor.php(153): Magento\TwoFactorAuth\Controller\Adminhtml\Tfa\Requestconfig\Interceptor->Magento\Framework\Interception\{closure}()
#13 /var/www/perfect-draft/generated/code/Magento/TwoFactorAuth/Controller/Adminhtml/Tfa/Requestconfig/Interceptor.php(23): Magento\TwoFactorAuth\Controller\Adminhtml\Tfa\Requestconfig\Interceptor->___callPlugins()
#14 /var/www/perfect-draft/vendor/magento/framework/App/Action/Action.php(111): Magento\TwoFactorAuth\Controller\Adminhtml\Tfa\Requestconfig\Interceptor->execute()
#15 /var/www/perfect-draft/vendor/magento/module-backend/App/AbstractAction.php(151): Magento\Framework\App\Action\Action->dispatch()
#16 /var/www/perfect-draft/vendor/magento/module-two-factor-auth/Controller/Adminhtml/AbstractAction.php(30): Magento\Backend\App\AbstractAction->dispatch()
#17 /var/www/perfect-draft/vendor/magento/framework/Interception/Interceptor.php(58): Magento\TwoFactorAuth\Controller\Adminhtml\AbstractAction->dispatch()
#18 /var/www/perfect-draft/vendor/magento/framework/Interception/Interceptor.php(138): Magento\TwoFactorAuth\Controller\Adminhtml\Tfa\Requestconfig\Interceptor->___callParent()
#19 /var/www/perfect-draft/vendor/magento/module-backend/App/Action/Plugin/Authentication.php(145): Magento\TwoFactorAuth\Controller\Adminhtml\Tfa\Requestconfig\Interceptor->Magento\Framework\Interception\{closure}()
#20 /var/www/perfect-draft/vendor/magento/framework/Interception/Interceptor.php(135): Magento\Backend\App\Action\Plugin\Authentication->aroundDispatch()
#21 /var/www/perfect-draft/vendor/magento/framework/Interception/Interceptor.php(153): Magento\TwoFactorAuth\Controller\Adminhtml\Tfa\Requestconfig\Interceptor->Magento\Framework\Interception\{closure}()
#22 /var/www/perfect-draft/generated/code/Magento/TwoFactorAuth/Controller/Adminhtml/Tfa/Requestconfig/Interceptor.php(32): Magento\TwoFactorAuth\Controller\Adminhtml\Tfa\Requestconfig\Interceptor->___callPlugins()
#23 /var/www/perfect-draft/vendor/magento/framework/App/FrontController.php(245): Magento\TwoFactorAuth\Controller\Adminhtml\Tfa\Requestconfig\Interceptor->dispatch()
#24 /var/www/perfect-draft/vendor/magento/framework/App/FrontController.php(212): Magento\Framework\App\FrontController->getActionResponse()
#25 /var/www/perfect-draft/vendor/magento/framework/App/FrontController.php(146): Magento\Framework\App\FrontController->processRequest()
#26 /var/www/perfect-draft/vendor/magento/framework/Interception/Interceptor.php(58): Magento\Framework\App\FrontController->dispatch()
#27 /var/www/perfect-draft/vendor/magento/framework/Interception/Interceptor.php(138): Magento\Framework\App\FrontController\Interceptor->___callParent()
#28 /var/www/perfect-draft/vendor/magento/framework/Interception/Interceptor.php(153): Magento\Framework\App\FrontController\Interceptor->Magento\Framework\Interception\{closure}()
#29 /var/www/perfect-draft/generated/code/Magento/Framework/App/FrontController/Interceptor.php(23): Magento\Framework\App\FrontController\Interceptor->___callPlugins()
#30 /var/www/perfect-draft/vendor/magento/framework/App/Http.php(116): Magento\Framework\App\FrontController\Interceptor->dispatch()
#31 /var/www/perfect-draft/vendor/magento/framework/Interception/Interceptor.php(58): Magento\Framework\App\Http->launch()
#32 /var/www/perfect-draft/vendor/magento/framework/Interception/Interceptor.php(138): Magento\Framework\App\Http\Interceptor->___callParent()
#33 /var/www/perfect-draft/vendor/magento/module-application-performance-monitor/Plugin/ApplicationPerformanceMonitor.php(38): Magento\Framework\App\Http\Interceptor->Magento\Framework\Interception\{closure}()
#34 /var/www/perfect-draft/vendor/magento/framework/Interception/Interceptor.php(135): Magento\ApplicationPerformanceMonitor\Plugin\ApplicationPerformanceMonitor->aroundLaunch()
#35 /var/www/perfect-draft/vendor/magento/framework/Interception/Interceptor.php(153): Magento\Framework\App\Http\Interceptor->Magento\Framework\Interception\{closure}()
#36 /var/www/perfect-draft/generated/code/Magento/Framework/App/Http/Interceptor.php(23): Magento\Framework\App\Http\Interceptor->___callPlugins()
#37 /var/www/perfect-draft/vendor/magento/framework/App/Bootstrap.php(264): Magento\Framework\App\Http\Interceptor->launch()
#38 /var/www/perfect-draft/pub/index.php(30): Magento\Framework\App\Bootstrap->run()
#39 {main} {"exception":"[object] (Magento\\Framework\\Exception\\MailException(code: 0): Transport error: Unable to send mail at this time. at /var/www/perfect-draft/vendor/magento/module-email/Model/Transport.php:227)
[previous exception] [object] (Symfony\\Component\\Mailer\\Exception\\TransportException(code: 0): Unable to write bytes on the wire. at /var/www/perfect-draft/vendor/symfony/mailer/Transport/Smtp/Stream/AbstractStream.php:50)"} []
